Opened log file 'D:\Angie\0.1\Angie-Ransomware\master/log/windbg/debug/0367454724 .txt'

Microsoft (R) Windows Debugger Version 10.0.17763.132 X86
Copyright (c) Microsoft Corporation. All rights reserved.

CommandLine: "D:\Angie\0.1\Angie-Ransomware\master\bin\/debug/Master.exe"
NatVis script successfully loaded from 'C:\Program Files (x86)\Windows Kits\10\Debuggers\x86\Visualizers\atlmfc.natvis'
NatVis script successfully loaded from 'C:\Program Files (x86)\Windows Kits\10\Debuggers\x86\Visualizers\concurrency.natvis'
NatVis script successfully loaded from 'C:\Program Files (x86)\Windows Kits\10\Debuggers\x86\Visualizers\cpp_rest.natvis'
NatVis script successfully loaded from 'C:\Program Files (x86)\Windows Kits\10\Debuggers\x86\Visualizers\stl.natvis'
NatVis script successfully loaded from 'C:\Program Files (x86)\Windows Kits\10\Debuggers\x86\Visualizers\Windows.Data.Json.natvis'
NatVis script successfully loaded from 'C:\Program Files (x86)\Windows Kits\10\Debuggers\x86\Visualizers\Windows.Devices.Geolocation.natvis'
NatVis script successfully loaded from 'C:\Program Files (x86)\Windows Kits\10\Debuggers\x86\Visualizers\Windows.Devices.Sensors.natvis'
NatVis script successfully loaded from 'C:\Program Files (x86)\Windows Kits\10\Debuggers\x86\Visualizers\Windows.Media.natvis'
NatVis script successfully loaded from 'C:\Program Files (x86)\Windows Kits\10\Debuggers\x86\Visualizers\windows.natvis'
NatVis script successfully loaded from 'C:\Program Files (x86)\Windows Kits\10\Debuggers\x86\Visualizers\winrt.natvis'

************* Path validation summary **************
Response                         Time (ms)     Location
Deferred                                       cache*D:\DebugSymbols
Deferred                                       srv*https://msdl.microsoft.com/download/symbols
Symbol search path is: cache*D:\DebugSymbols;srv*https://msdl.microsoft.com/download/symbols
Executable search path is: 
ModLoad: 01270000 01276000   Master.exe
ModLoad: 77e50000 77fec000   ntdll.dll
ModLoad: 77d20000 77e00000   C:\Windows\SysWOW64\KERNEL32.DLL
ModLoad: 75e00000 75ffa000   C:\Windows\SysWOW64\KERNELBASE.dll
(750.19c8): Break instruction exception - code 80000003 (first chance)
eax=00000000 ebx=007b2000 ecx=58da0000 edx=00000000 esi=00ae3590 edi=77e637ec
eip=77eff126 esp=008ffa10 ebp=008ffa3c iopl=0         nv up ei pl zr na pe nc
cs=0023  ss=002b  ds=002b  es=002b  fs=0053  gs=002b             efl=00000246
ntdll!LdrpDoDebuggerBreak+0x2b:
77eff126 cc              int     3
0:000> g
(750.19c8): Access violation - code c0000005 (first chance)
First chance exceptions are reported before any exception handling.
This exception may be expected and handled.
eax=00000001 ebx=00000000 ecx=7ffffffe edx=008ffe73 esi=00000001 edi=ffffffff
eip=77ec98f0 esp=008ffbec ebp=008ffe4c iopl=0         nv up ei pl nz na po nc
cs=0023  ss=002b  ds=002b  es=002b  fs=0053  gs=002b             efl=00010202
ntdll!_output_l+0x580:
77ec98f0 803800          cmp     byte ptr [eax],0           ds:002b:00000001=??
*** WARNING: Unable to verify checksum for Master.exe
0:000> t
(750.19c8): Access violation - code c0000005 (!!! second chance !!!)
eax=00000001 ebx=00000000 ecx=7ffffffe edx=008ffe73 esi=00000001 edi=ffffffff
eip=77ec98f0 esp=008ffbec ebp=008ffe4c iopl=0         nv up ei pl nz na po nc
cs=0023  ss=002b  ds=002b  es=002b  fs=0053  gs=002b             efl=00010202
ntdll!_output_l+0x580:
77ec98f0 803800          cmp     byte ptr [eax],0           ds:002b:00000001=??
0:000> g
(750.19c8): Access violation - code c0000005 (first chance)
First chance exceptions are reported before any exception handling.
This exception may be expected and handled.
eax=00000001 ebx=00000000 ecx=7ffffffe edx=008ffe73 esi=00000001 edi=ffffffff
eip=77ec98f0 esp=008ffbec ebp=008ffe4c iopl=0         nv up ei pl nz na po nc
cs=0023  ss=002b  ds=002b  es=002b  fs=0053  gs=002b             efl=00010202
ntdll!_output_l+0x580:
77ec98f0 803800          cmp     byte ptr [eax],0           ds:002b:00000001=??
0:000> g
(750.19c8): Access violation - code c0000005 (!!! second chance !!!)
eax=00000001 ebx=00000000 ecx=7ffffffe edx=008ffe73 esi=00000001 edi=ffffffff
eip=77ec98f0 esp=008ffbec ebp=008ffe4c iopl=0         nv up ei pl nz na po nc
cs=0023  ss=002b  ds=002b  es=002b  fs=0053  gs=002b             efl=00010202
ntdll!_output_l+0x580:
77ec98f0 803800          cmp     byte ptr [eax],0           ds:002b:00000001=??
0:000> g
(750.19c8): Access violation - code c0000005 (first chance)
First chance exceptions are reported before any exception handling.
This exception may be expected and handled.
eax=00000001 ebx=00000000 ecx=7ffffffe edx=008ffe73 esi=00000001 edi=ffffffff
eip=77ec98f0 esp=008ffbec ebp=008ffe4c iopl=0         nv up ei pl nz na po nc
cs=0023  ss=002b  ds=002b  es=002b  fs=0053  gs=002b             efl=00010202
ntdll!_output_l+0x580:
77ec98f0 803800          cmp     byte ptr [eax],0           ds:002b:00000001=??
0:000> gg
       ^ addresses must be preceeded by whitespace error in 'gg'
0:000> g
(750.19c8): Access violation - code c0000005 (!!! second chance !!!)
eax=00000001 ebx=00000000 ecx=7ffffffe edx=008ffe73 esi=00000001 edi=ffffffff
eip=77ec98f0 esp=008ffbec ebp=008ffe4c iopl=0         nv up ei pl nz na po nc
cs=0023  ss=002b  ds=002b  es=002b  fs=0053  gs=002b             efl=00010202
ntdll!_output_l+0x580:
77ec98f0 803800          cmp     byte ptr [eax],0           ds:002b:00000001=??
0:000> g
(750.19c8): Access violation - code c0000005 (first chance)
First chance exceptions are reported before any exception handling.
This exception may be expected and handled.
eax=00000001 ebx=00000000 ecx=7ffffffe edx=008ffe73 esi=00000001 edi=ffffffff
eip=77ec98f0 esp=008ffbec ebp=008ffe4c iopl=0         nv up ei pl nz na po nc
cs=0023  ss=002b  ds=002b  es=002b  fs=0053  gs=002b             efl=00010202
ntdll!_output_l+0x580:
77ec98f0 803800          cmp     byte ptr [eax],0           ds:002b:00000001=??
0:000> g
(750.19c8): Access violation - code c0000005 (!!! second chance !!!)
eax=00000001 ebx=00000000 ecx=7ffffffe edx=008ffe73 esi=00000001 edi=ffffffff
eip=77ec98f0 esp=008ffbec ebp=008ffe4c iopl=0         nv up ei pl nz na po nc
cs=0023  ss=002b  ds=002b  es=002b  fs=0053  gs=002b             efl=00010202
ntdll!_output_l+0x580:
77ec98f0 803800          cmp     byte ptr [eax],0           ds:002b:00000001=??
